Product projects
---------------------------------------
C:\SVN\C16440\CSharpStabilityExamples\StabilityExample\StabilityExample\StabilityExample.csproj
C:\SVN\C16440\CSharpStabilityExamples\Array_Out_Of_Bonds\Array_Out_Of_Bonds\Array_Out_Of_Bonds.csproj
C:\SVN\C16440\CSharpStabilityExamples\Strings_Char\Strings_Char\Strings_Char.csproj
C:\SVN\C16440\CSharpStabilityExamples\VisualBasic_Collection\VisualBasic_Collection\VisualBasic_Collection.csproj
C:\SVN\C16440\CSharpStabilityExamples\WinForms_OpenForms\WinForms_OpenForms\WinForms_OpenForms.csproj
C:\SVN\C16440\CSharpStabilityExamples\StabilityExample\NullProperty\NullProperty.csproj
C:\SVN\C16440\CSharpStabilityExamples\ComboBox_SelectItem\ComboBox_SelectItem\ComboBox_SelectItem.csproj
C:\SVN\C16440\CSharpStabilityExamples\Div_by_zero\Div_by_zero\Div_by_zero.csproj
C:\SVN\C16440\CSharpStabilityExamples\DoEvents_Problems\DoEvents_Problems\DoEvents_Problems.csproj
C:\SVN\C16440\CSharpStabilityExamples\DoubleParse\DoubleParse\DoubleParse.csproj
C:\SVN\C16440\CSharpStabilityExamples\IntParse\IntParse\IntParse.csproj
C:\SVN\C16440\CSharpStabilityExamples\ListViewItem\ListViewItem\ListViewItem.csproj
C:\SVN\C16440\CSharpStabilityExamples\Stack\Stack\Stack.csproj
C:\SVN\C16440\CSharpStabilityExamples\StatNullCheck\StatNullCheck\StatNullCheck.csproj


Test projects
---------------------------------------


Invalid projects
---------------------------------------
{none}


Skipped projects
---------------------------------------
{none}


Excluded projects
---------------------------------------
{none}


