[OUTPUT]: Compiling C:\SVN\C16440\CSharpStabilityExamples\StabilityExample\NullVariable\Program.cs
[OUTPUT]: Compiling C:\SVN\C16440\CSharpStabilityExamples\StabilityExample\NullVariable\Properties\AssemblyInfo.cs
[OUTPUT]: Compiling C:\SVN\C16440\CSharpStabilityExamples\StabilityExample\NullProperty\Program.cs
[OUTPUT]: Compiling C:\SVN\C16440\CSharpStabilityExamples\StabilityExample\NullProperty\Properties\AssemblyInfo.cs
[OUTPUT]: Compiling C:\SVN\C16440\CSharpStabilityExamples\StabilityExample\NullProperty\Properties\Settings.Designer.cs
[OUTPUT]: Compiling C:\SVN\C16440\CSharpStabilityExamples\WinForms_OpenForms\WinForms_OpenForms\Form1.cs
[OUTPUT]: Compiling C:\SVN\C16440\CSharpStabilityExamples\WinForms_OpenForms\WinForms_OpenForms\Form1.Designer.cs
[OUTPUT]: Compiling C:\SVN\C16440\CSharpStabilityExamples\WinForms_OpenForms\WinForms_OpenForms\Program.cs
[OUTPUT]: Compiling C:\SVN\C16440\CSharpStabilityExamples\WinForms_OpenForms\WinForms_OpenForms\Properties\AssemblyInfo.cs
[OUTPUT]: Compiling C:\SVN\C16440\CSharpStabilityExamples\WinForms_OpenForms\WinForms_OpenForms\Properties\Resources.Designer.cs
[OUTPUT]: Compiling C:\SVN\C16440\CSharpStabilityExamples\WinForms_OpenForms\WinForms_OpenForms\Properties\Settings.Designer.cs
[OUTPUT]: Compiling C:\SVN\C16440\CSharpStabilityExamples\VisualBasic_Collection\VisualBasic_Collection\Program.cs
[OUTPUT]: Compiling C:\SVN\C16440\CSharpStabilityExamples\VisualBasic_Collection\VisualBasic_Collection\Properties\AssemblyInfo.cs
[OUTPUT]: Compiling C:\SVN\C16440\CSharpStabilityExamples\Strings_Char\Strings_Char\Form1.cs
[OUTPUT]: Compiling C:\SVN\C16440\CSharpStabilityExamples\Strings_Char\Strings_Char\Form1.Designer.cs
[OUTPUT]: Compiling C:\SVN\C16440\CSharpStabilityExamples\Strings_Char\Strings_Char\Program.cs
[OUTPUT]: Compiling C:\SVN\C16440\CSharpStabilityExamples\Strings_Char\Strings_Char\Properties\AssemblyInfo.cs
[OUTPUT]: Compiling C:\SVN\C16440\CSharpStabilityExamples\Strings_Char\Strings_Char\Properties\Resources.Designer.cs
[OUTPUT]: Compiling C:\SVN\C16440\CSharpStabilityExamples\Strings_Char\Strings_Char\Properties\Settings.Designer.cs
[OUTPUT]: Compiling C:\SVN\C16440\CSharpStabilityExamples\StatNullCheck\StatNullCheck\Form1.cs
[OUTPUT]: Compiling C:\SVN\C16440\CSharpStabilityExamples\StatNullCheck\StatNullCheck\Form1.Designer.cs
[OUTPUT]: Compiling C:\SVN\C16440\CSharpStabilityExamples\StatNullCheck\StatNullCheck\Program.cs
[OUTPUT]: Compiling C:\SVN\C16440\CSharpStabilityExamples\StatNullCheck\StatNullCheck\Properties\AssemblyInfo.cs
[OUTPUT]: Compiling C:\SVN\C16440\CSharpStabilityExamples\StatNullCheck\StatNullCheck\Properties\Resources.Designer.cs
[OUTPUT]: Compiling C:\SVN\C16440\CSharpStabilityExamples\StatNullCheck\StatNullCheck\Properties\Settings.Designer.cs
[OUTPUT]: Compiling C:\SVN\C16440\CSharpStabilityExamples\StatNullCheck\StatNullCheck\SomeClass.cs
[OUTPUT]: Compiling C:\SVN\C16440\CSharpStabilityExamples\Stack\Stack\Form1.cs
[OUTPUT]: Compiling C:\SVN\C16440\CSharpStabilityExamples\Stack\Stack\Form1.Designer.cs
[OUTPUT]: Compiling C:\SVN\C16440\CSharpStabilityExamples\Stack\Stack\Program.cs
[OUTPUT]: Compiling C:\SVN\C16440\CSharpStabilityExamples\Stack\Stack\Properties\AssemblyInfo.cs
[OUTPUT]: Compiling C:\SVN\C16440\CSharpStabilityExamples\Stack\Stack\Properties\Resources.Designer.cs
[OUTPUT]: Compiling C:\SVN\C16440\CSharpStabilityExamples\Stack\Stack\Properties\Settings.Designer.cs
[OUTPUT]: Compiling C:\SVN\C16440\CSharpStabilityExamples\ListViewItem\ListViewItem\Form1.cs
[OUTPUT]: Compiling C:\SVN\C16440\CSharpStabilityExamples\ListViewItem\ListViewItem\Form1.Designer.cs
[OUTPUT]: Compiling C:\SVN\C16440\CSharpStabilityExamples\ListViewItem\ListViewItem\Program.cs
[OUTPUT]: Compiling C:\SVN\C16440\CSharpStabilityExamples\ListViewItem\ListViewItem\Properties\AssemblyInfo.cs
[OUTPUT]: Compiling C:\SVN\C16440\CSharpStabilityExamples\ListViewItem\ListViewItem\Properties\Resources.Designer.cs
[OUTPUT]: Compiling C:\SVN\C16440\CSharpStabilityExamples\ListViewItem\ListViewItem\Properties\Settings.Designer.cs
[OUTPUT]: Compiling C:\SVN\C16440\CSharpStabilityExamples\IntParse\IntParse\Form1.cs
[OUTPUT]: Compiling C:\SVN\C16440\CSharpStabilityExamples\IntParse\IntParse\Form1.Designer.cs
[OUTPUT]: Compiling C:\SVN\C16440\CSharpStabilityExamples\IntParse\IntParse\Program.cs
[OUTPUT]: Compiling C:\SVN\C16440\CSharpStabilityExamples\IntParse\IntParse\Properties\AssemblyInfo.cs
[OUTPUT]: Compiling C:\SVN\C16440\CSharpStabilityExamples\IntParse\IntParse\Properties\Resources.Designer.cs
[OUTPUT]: Compiling C:\SVN\C16440\CSharpStabilityExamples\IntParse\IntParse\Properties\Settings.Designer.cs
[OUTPUT]: Compiling C:\SVN\C16440\CSharpStabilityExamples\DoubleParse\DoubleParse\Form1.cs
[OUTPUT]: Compiling C:\SVN\C16440\CSharpStabilityExamples\DoubleParse\DoubleParse\Form1.Designer.cs
[OUTPUT]: Compiling C:\SVN\C16440\CSharpStabilityExamples\DoubleParse\DoubleParse\Program.cs
[OUTPUT]: Compiling C:\SVN\C16440\CSharpStabilityExamples\DoubleParse\DoubleParse\Properties\AssemblyInfo.cs
[OUTPUT]: Compiling C:\SVN\C16440\CSharpStabilityExamples\DoubleParse\DoubleParse\Properties\Resources.Designer.cs
[OUTPUT]: Compiling C:\SVN\C16440\CSharpStabilityExamples\DoubleParse\DoubleParse\Properties\Settings.Designer.cs
[OUTPUT]: Compiling C:\SVN\C16440\CSharpStabilityExamples\DoEvents_Problems\DoEvents_Problems\Form1.cs
[OUTPUT]: Compiling C:\SVN\C16440\CSharpStabilityExamples\DoEvents_Problems\DoEvents_Problems\Form1.Designer.cs
[OUTPUT]: Compiling C:\SVN\C16440\CSharpStabilityExamples\DoEvents_Problems\DoEvents_Problems\Program.cs
[OUTPUT]: Compiling C:\SVN\C16440\CSharpStabilityExamples\DoEvents_Problems\DoEvents_Problems\Properties\AssemblyInfo.cs
[OUTPUT]: Compiling C:\SVN\C16440\CSharpStabilityExamples\DoEvents_Problems\DoEvents_Problems\Properties\Resources.Designer.cs
[OUTPUT]: Compiling C:\SVN\C16440\CSharpStabilityExamples\DoEvents_Problems\DoEvents_Problems\Properties\Settings.Designer.cs
[OUTPUT]: Compiling C:\SVN\C16440\CSharpStabilityExamples\Div_by_zero\Div_by_zero\Form1.cs
[OUTPUT]: Compiling C:\SVN\C16440\CSharpStabilityExamples\Div_by_zero\Div_by_zero\Form1.Designer.cs
[OUTPUT]: Compiling C:\SVN\C16440\CSharpStabilityExamples\Div_by_zero\Div_by_zero\Program.cs
[OUTPUT]: Compiling C:\SVN\C16440\CSharpStabilityExamples\Div_by_zero\Div_by_zero\Properties\AssemblyInfo.cs
[OUTPUT]: Compiling C:\SVN\C16440\CSharpStabilityExamples\Div_by_zero\Div_by_zero\Properties\Resources.Designer.cs
[OUTPUT]: Compiling C:\SVN\C16440\CSharpStabilityExamples\Div_by_zero\Div_by_zero\Properties\Settings.Designer.cs
[OUTPUT]: Compiling C:\SVN\C16440\CSharpStabilityExamples\ComboBox_SelectItem\ComboBox_SelectItem\Form1.cs
[OUTPUT]: Compiling C:\SVN\C16440\CSharpStabilityExamples\ComboBox_SelectItem\ComboBox_SelectItem\Form1.Designer.cs
[OUTPUT]: Compiling C:\SVN\C16440\CSharpStabilityExamples\ComboBox_SelectItem\ComboBox_SelectItem\Program.cs
[OUTPUT]: Compiling C:\SVN\C16440\CSharpStabilityExamples\ComboBox_SelectItem\ComboBox_SelectItem\Properties\AssemblyInfo.cs
[OUTPUT]: Compiling C:\SVN\C16440\CSharpStabilityExamples\ComboBox_SelectItem\ComboBox_SelectItem\Properties\Resources.Designer.cs
[OUTPUT]: Compiling C:\SVN\C16440\CSharpStabilityExamples\ComboBox_SelectItem\ComboBox_SelectItem\Properties\Settings.Designer.cs
[OUTPUT]: Compiling C:\SVN\C16440\CSharpStabilityExamples\Array_Out_Of_Bonds\Array_Out_Of_Bonds\Form1.cs
[OUTPUT]: Compiling C:\SVN\C16440\CSharpStabilityExamples\Array_Out_Of_Bonds\Array_Out_Of_Bonds\Form1.Designer.cs
[OUTPUT]: Compiling C:\SVN\C16440\CSharpStabilityExamples\Array_Out_Of_Bonds\Array_Out_Of_Bonds\Program.cs
[OUTPUT]: Compiling C:\SVN\C16440\CSharpStabilityExamples\Array_Out_Of_Bonds\Array_Out_Of_Bonds\Properties\AssemblyInfo.cs
[OUTPUT]: Compiling C:\SVN\C16440\CSharpStabilityExamples\Array_Out_Of_Bonds\Array_Out_Of_Bonds\Properties\Resources.Designer.cs
[OUTPUT]: Compiling C:\SVN\C16440\CSharpStabilityExamples\Array_Out_Of_Bonds\Array_Out_Of_Bonds\Properties\Settings.Designer.cs
[OUTPUT]: Compiling C:\SVN\C16440\CSharpStabilityExamples\StabilityExample\StabilityExample\Form1.cs
[OUTPUT]: Compiling C:\SVN\C16440\CSharpStabilityExamples\StabilityExample\StabilityExample\Form1.Designer.cs
[OUTPUT]: Compiling C:\SVN\C16440\CSharpStabilityExamples\StabilityExample\StabilityExample\Program.cs
[OUTPUT]: Compiling C:\SVN\C16440\CSharpStabilityExamples\StabilityExample\StabilityExample\Properties\AssemblyInfo.cs
[OUTPUT]: Compiling C:\SVN\C16440\CSharpStabilityExamples\StabilityExample\StabilityExample\Properties\Resources.Designer.cs
[OUTPUT]: Compiling C:\SVN\C16440\CSharpStabilityExamples\StabilityExample\StabilityExample\Properties\Settings.Designer.cs
